[debug] [2021-12-21T17:02:31.371Z] ----------------------------------------------------------------------
[debug] [2021-12-21T17:02:31.372Z] Command:       /opt/homebrew/Cellar/node/17.0.1/bin/node /opt/homebrew/bin/firebase init
[debug] [2021-12-21T17:02:31.372Z] CLI Version:   10.0.1
[debug] [2021-12-21T17:02:31.372Z] Platform:      darwin
[debug] [2021-12-21T17:02:31.372Z] Node Version:  v17.0.1
[debug] [2021-12-21T17:02:31.373Z] Time:          Tue Dec 21 2021 14:02:31 GMT-0300 (Brasilia Standard Time)
[debug] [2021-12-21T17:02:31.373Z] ----------------------------------------------------------------------
[debug] 
[debug] [2021-12-21T17:02:31.375Z] > command requires scopes: ["email","openid","https://www.googleapis.com/auth/cloudplatformprojects.readonly","https://www.googleapis.com/auth/firebase","https://www.googleapis.com/auth/cloud-platform"]
[debug] [2021-12-21T17:02:31.375Z] > authorizing via signed-in user (urdiale.gabriel@gmail.com)
[info] 
     ######## #### ########  ######## ########     ###     ######  ########
     ##        ##  ##     ## ##       ##     ##  ##   ##  ##       ##
     ######    ##  ########  ######   ########  #########  ######  ######
     ##        ##  ##    ##  ##       ##     ## ##     ##       ## ##
     ##       #### ##     ## ######## ########  ##     ##  ######  ########

You're about to initialize a Firebase project in this directory:

  /Users/gabrielurdiale/Documents/GitHub/Personal-WebSite/Personal-Website

[info] 
=== Project Setup
[info] 
[info] First, let's associate this project directory with a Firebase project.
[info] You can create multiple project aliases by running firebase use --add, 
[info] but for now we'll just set up a default project.
[info] 
